d:\share\mlbackprop\debug\vc120.pdb
d:\share\mlbackprop\debug\vc120.idb
d:\share\mlbackprop\debug\c2dmatrix.obj
d:\share\mlbackprop\debug\cbackpropcontroller.obj
d:\share\mlbackprop\debug\cbasicea.obj
d:\share\mlbackprop\debug\ccollisionobject.obj
d:\share\mlbackprop\debug\ccontcollisionobject.obj
d:\share\mlbackprop\debug\ccontcontroller.obj
d:\share\mlbackprop\debug\ccontroller.obj
d:\share\mlbackprop\debug\ccontminesweeper.obj
d:\share\mlbackprop\debug\cdisccollisionobject.obj
d:\share\mlbackprop\debug\cdisccontroller.obj
d:\share\mlbackprop\debug\cdiscminesweeper.obj
d:\share\mlbackprop\debug\ceacontroller.obj
d:\share\mlbackprop\debug\cneuralnet.obj
d:\share\mlbackprop\debug\cparams.obj
d:\share\mlbackprop\debug\cqlearningcontroller.obj
d:\share\mlbackprop\debug\ctimer.obj
d:\share\mlbackprop\debug\main.obj
d:\share\mlbackprop\debug\cminesweeper.obj
d:\share\mlbackprop\debug\utils.obj
c:\users\paul\documents\mlbackprop\debug\vc120.pdb
c:\users\paul\documents\mlbackprop\debug\vc120.idb
c:\users\paul\documents\mlbackprop\debug\c2dmatrix.obj
c:\users\paul\documents\mlbackprop\debug\cbackpropcontroller.obj
c:\users\paul\documents\mlbackprop\debug\cbasicea.obj
c:\users\paul\documents\mlbackprop\debug\ccollisionobject.obj
c:\users\paul\documents\mlbackprop\debug\ccontcollisionobject.obj
c:\users\paul\documents\mlbackprop\debug\ccontcontroller.obj
c:\users\paul\documents\mlbackprop\debug\ccontroller.obj
c:\users\paul\documents\mlbackprop\debug\ccontminesweeper.obj
c:\users\paul\documents\mlbackprop\debug\cdisccollisionobject.obj
c:\users\paul\documents\mlbackprop\debug\cdisccontroller.obj
c:\users\paul\documents\mlbackprop\debug\cdiscminesweeper.obj
c:\users\paul\documents\mlbackprop\debug\ceacontroller.obj
c:\users\paul\documents\mlbackprop\debug\cneuralnet.obj
c:\users\paul\documents\mlbackprop\debug\cparams.obj
c:\users\paul\documents\mlbackprop\debug\cqlearningcontroller.obj
c:\users\paul\documents\mlbackprop\debug\ctimer.obj
c:\users\paul\documents\mlbackprop\debug\main.obj
c:\users\paul\documents\mlbackprop\debug\cminesweeper.obj
c:\users\paul\documents\mlbackprop\debug\utils.obj
d:\share\mlbackprop\debug\smart sweepers.ilk
d:\share\mlbackprop\debug\smart sweepers.exe
d:\share\mlbackprop\debug\smart sweepers.pdb
d:\share\mlbackprop\debug\script1.res
c:\users\paul\documents\mlbackprop\debug\script1.res
c:\users\paul\documents\mlbackprop\debug\smart sweepers.pdb
c:\users\paul\documents\mlbackprop\debug\smart sweepers.tlog\cl.command.1.tlog
c:\users\paul\documents\mlbackprop\debug\smart sweepers.tlog\cl.read.1.tlog
c:\users\paul\documents\mlbackprop\debug\smart sweepers.tlog\cl.write.1.tlog
c:\users\paul\documents\mlbackprop\debug\smart sweepers.tlog\link.14784-cvtres.read.1.tlog
c:\users\paul\documents\mlbackprop\debug\smart sweepers.tlog\link.14784-cvtres.write.1.tlog
c:\users\paul\documents\mlbackprop\debug\smart sweepers.tlog\link.14784-rc.read.1.tlog
c:\users\paul\documents\mlbackprop\debug\smart sweepers.tlog\link.14784-rc.write.1.tlog
c:\users\paul\documents\mlbackprop\debug\smart sweepers.tlog\link.14784.read.1.tlog
c:\users\paul\documents\mlbackprop\debug\smart sweepers.tlog\link.14784.write.1.tlog
c:\users\paul\documents\mlbackprop\debug\smart sweepers.tlog\link.command.1.tlog
c:\users\paul\documents\mlbackprop\debug\smart sweepers.tlog\link.read.1.tlog
c:\users\paul\documents\mlbackprop\debug\smart sweepers.tlog\link.write.1.tlog
c:\users\paul\documents\mlbackprop\debug\smart sweepers.tlog\rc.command.1.tlog
c:\users\paul\documents\mlbackprop\debug\smart sweepers.tlog\rc.read.1.tlog
c:\users\paul\documents\mlbackprop\debug\smart sweepers.tlog\rc.write.1.tlog
