Build started 12/09/2014 12:17:13.
     1>Project "D:\Share\MLBackProp\smart sweepers.vcxproj" on node 2 (Build target(s)).
     1>ClCompile:
         C:\Program Files (x86)\Microsoft Visual Studio 12.0\VC\bin\CL.exe /c /ZI /nologo /W3 /WX- /Od /Oy- /D WIN32 /D _DEBUG /D _WINDOWS /D _VC80_UPGRADE=0x0600 /D _MBCS /Gm /EHsc /RTC1 /MTd /GS /Gy- /fp:precise /Zc:wchar_t /Zc:forScope /Fo".\Debug\\" /Fd".\Debug\vc120.pdb" /Gd /TP /analyze- /errorReport:prompt CQLearningController.cpp main.cpp
         CQLearningController.cpp
     1>d:\share\mlbackprop\c2dmatrix.h(102): warning C4018: '<' : signed/unsigned mismatch
     1>d:\share\mlbackprop\c2dmatrix.h(108): warning C4244: '=' : conversion from 'double' to 'float', possible loss of data
     1>d:\share\mlbackprop\c2dmatrix.h(110): warning C4244: '=' : conversion from 'double' to 'float', possible loss of data
     1>d:\share\mlbackprop\cqlearningcontroller.cpp(72): warning C4018: '<' : signed/unsigned mismatch
     1>d:\share\mlbackprop\cqlearningcontroller.cpp(88): warning C4018: '<' : signed/unsigned mismatch
         Generating Code...
         Skipping... (no relevant changes detected)
         main.cpp
       Link:
         C:\Program Files (x86)\Microsoft Visual Studio 12.0\VC\bin\link.exe /ERRORREPORT:PROMPT /OUT:".\Debug\smart sweepers.exe" /INCREMENTAL /NOLOGO odbc32.lib odbccp32.lib kernel32.lib user32.lib gdi32.lib winspool.lib comdlg32.lib advapi32.lib shell32.lib ole32.lib oleaut32.lib uuid.lib odbc32.lib odbccp32.lib /MANIFEST /MANIFESTUAC:"level='asInvoker' uiAccess='false'" /manifest:embed /DEBUG /PDB:".\Debug\smart sweepers.pdb" /SUBSYSTEM:WINDOWS /TLBID:1 /DYNAMICBASE /NXCOMPAT /IMPLIB:".\Debug\smart sweepers.lib" /MACHINE:X86 /SAFESEH .\Debug\Script1.res
         .\Debug\C2DMatrix.obj
         .\Debug\CBackPropController.obj
         .\Debug\CBasicEA.obj
         .\Debug\CCollisionObject.obj
         .\Debug\CContCollisionObject.obj
         .\Debug\CContController.obj
         .\Debug\CController.obj
         .\Debug\CContMinesweeper.obj
         .\Debug\CDiscCollisionObject.obj
         .\Debug\CDiscController.obj
         .\Debug\CDiscMinesweeper.obj
         .\Debug\CEAController.obj
         .\Debug\CNeuralNet.obj
         .\Debug\CParams.obj
         .\Debug\CQLearningController.obj
         .\Debug\CTimer.obj
         .\Debug\main.obj
         .\Debug\CMinesweeper.obj
         .\Debug\utils.obj
         smart sweepers.vcxproj -> D:\Share\MLBackProp\.\Debug\smart sweepers.exe
     1>Done Building Project "D:\Share\MLBackProp\smart sweepers.vcxproj" (Build target(s)).

Build succeeded.

Time Elapsed 00:00:01.46
